{"logTime": "0814/035426", "correlationVector":"C7gMLb1mZ6fErBHNnC+jHl.1","action":"SyncServerConnectionManagerRequest", "result":"SYNC_SERVER_OK", "context":{"environment":"Prod_SoutheastAsia_000j", "migrationStage":"NotStarted", "server":"general0100000K"}}
{"logTime": "0814/035427", "correlationVector":"0rThJs6FhIjm48beyuT/W3","action":"SyncServerConnectionManagerRequest", "result":"SYNC_SERVER_OK", "context":{"environment":"", "migrationStage":"", "server":""}}
{"logTime": "0814/035427", "correlationVector":"C7gMLb1mZ6fErBHNnC+jHl","action":"Initial GetUpdates", "result":"", "context":Reason: NEW_CLIENT. cV=C7gMLb1mZ6fErBHNnC+jHl}
{"logTime": "0814/035427", "correlationVector":"C7gMLb1mZ6fErBHNnC+jHl.2","action":"GetUpdates Response", "result":"Success", "context":Received 1 update(s). cV=C7gMLb1mZ6fErBHNnC+jHl.0;server=general0100000K;cloudType=Consumer;environment=Prod_SoutheastAsia_000j;migrationStage=NotStarted}
{"logTime": "0814/035427", "correlationVector":"mneVxizVEPKFstRKouGQ/8","action":"Initial GetUpdates", "result":"", "context":Reason: NEWLY_SUPPORTED_DATATYPE. cV=mneVxizVEPKFstRKouGQ/8}
{"logTime": "0814/035427", "correlationVector":"mneVxizVEPKFstRKouGQ/8.1","action":"SyncServerConnectionManagerRequest", "result":"SYNC_SERVER_OK", "context":{"environment":"Prod_SoutheastAsia_000j", "migrationStage":"NotStarted", "server":"general01000008"}}
{"logTime": "0814/035427", "correlationVector":"mneVxizVEPKFstRKouGQ/8.2","action":"GetUpdates Response", "result":"Success", "context":Received 4 update(s). cV=mneVxizVEPKFstRKouGQ/8.0;server=general01000008;cloudType=Consumer;environment=Prod_SoutheastAsia_000j;migrationStage=NotStarted}
{"logTime": "0814/035427", "correlationVector":"O37cYpz5UhwVPuujGpfeZy","action":"Normal GetUpdate request", "result":"", "context":cV=O37cYpz5UhwVPuujGpfeZy
Nudged types: Device Info, User Consents
Refresh requested types: Device Info, User Consents, Send Tab To Self, Encryption Keys}
{"logTime": "0814/041429", "correlationVector":"okiNjUm74v9JEFRg7rc1dt.1","action":"SyncServerConnectionManagerRequest", "result":"SYNC_SERVER_OK", "context":{"environment":"Prod_SoutheastAsia_000j", "migrationStage":"NotStarted", "server":"general0300002Y"}}
{"logTime": "0814/041430", "correlationVector":"El1d4jg67Sirhe/fm9hkB3","action":"SyncServerConnectionManagerRequest", "result":"SYNC_SERVER_OK", "context":{"environment":"", "migrationStage":"", "server":""}}
{"logTime": "0814/041430", "correlationVector":"okiNjUm74v9JEFRg7rc1dt","action":"Initial GetUpdates", "result":"", "context":Reason: NEW_CLIENT. cV=okiNjUm74v9JEFRg7rc1dt}
{"logTime": "0814/041430", "correlationVector":"okiNjUm74v9JEFRg7rc1dt.2","action":"GetUpdates Response", "result":"Success", "context":Received 1 update(s). cV=okiNjUm74v9JEFRg7rc1dt.0;server=general0300002Y;cloudType=Consumer;environment=Prod_SoutheastAsia_000j;migrationStage=NotStarted}
{"logTime": "0814/041430", "correlationVector":"uaP7hosGK0lXkFGX0supzQ","action":"Initial GetUpdates", "result":"", "context":Reason: NEWLY_SUPPORTED_DATATYPE. cV=uaP7hosGK0lXkFGX0supzQ}
{"logTime": "0814/041430", "correlationVector":"uaP7hosGK0lXkFGX0supzQ.1","action":"SyncServerConnectionManagerRequest", "result":"SYNC_SERVER_OK", "context":{"environment":"Prod_SoutheastAsia_000j", "migrationStage":"NotStarted", "server":"general0300001B"}}
{"logTime": "0814/041430", "correlationVector":"uaP7hosGK0lXkFGX0supzQ.2","action":"GetUpdates Response", "result":"Success", "context":Received 4 update(s). cV=uaP7hosGK0lXkFGX0supzQ.0;server=general0300001B;cloudType=Consumer;environment=Prod_SoutheastAsia_000j;migrationStage=NotStarted}
{"logTime": "0814/041430", "correlationVector":"wErnSmIFkrnpuWnmYVrCQ6","action":"Normal GetUpdate request", "result":"", "context":cV=wErnSmIFkrnpuWnmYVrCQ6
Nudged types: Device Info, User Consents
Refresh requested types: Device Info, User Consents, Send Tab To Self, Encryption Keys}
{"logTime": "0814/041430", "correlationVector":"wErnSmIFkrnpuWnmYVrCQ6.1","action":"SyncServerConnectionManagerRequest", "result":"SYNC_SERVER_OK", "context":{"environment":"Prod_SoutheastAsia_000j", "migrationStage":"NotStarted", "server":"general01000007"}}
{"logTime": "0814/041430", "correlationVector":"wErnSmIFkrnpuWnmYVrCQ6.2","action":"GetUpdates Response", "result":"Success", "context":Received 0 update(s). cV=wErnSmIFkrnpuWnmYVrCQ6.0;server=general01000007;cloudType=Consumer;environment=Prod_SoutheastAsia_000j;migrationStage=NotStarted}
{"logTime": "0814/041430", "correlationVector":"U+Yk39dZ9Rse3KDaIbmVlV","action":"Commit Request", "result":"", "context":Item count: 2
Contributing types: Device Info, User Consents}
{"logTime": "0814/041431", "correlationVector":"U+Yk39dZ9Rse3KDaIbmVlV.1","action":"SyncServerConnectionManagerRequest", "result":"SYNC_SERVER_OK", "context":{"environment":"Prod_SoutheastAsia_000j", "migrationStage":"NotStarted", "server":"general0300002K"}}
{"logTime": "0814/041431", "correlationVector":"U+Yk39dZ9Rse3KDaIbmVlV.2","action":"Commit Response", "result":"Success", "context":Result: Success. cV=U+Yk39dZ9Rse3KDaIbmVlV.0;server=general0300002K;cloudType=Consumer;environment=Prod_SoutheastAsia_000j;migrationStage=NotStarted}
{"logTime": "0814/041431", "correlationVector":"w7cDDSnuEsxpW/OTS4kvQ1","action":"Normal GetUpdate request", "result":"", "context":cV=w7cDDSnuEsxpW/OTS4kvQ1
Nudged types: Device Info}
{"logTime": "0814/041432", "correlationVector":"w7cDDSnuEsxpW/OTS4kvQ1.1","action":"SyncServerConnectionManagerRequest", "result":"SYNC_SERVER_OK", "context":{"environment":"Prod_SoutheastAsia_000j", "migrationStage":"NotStarted", "server":"general03000004"}}
{"logTime": "0814/041432", "correlationVector":"w7cDDSnuEsxpW/OTS4kvQ1.2","action":"GetUpdates Response", "result":"Success", "context":Received 1 update(s). cV=w7cDDSnuEsxpW/OTS4kvQ1.0;server=general03000004;cloudType=Consumer;environment=Prod_SoutheastAsia_000j;migrationStage=NotStarted}
{"logTime": "0814/041435", "correlationVector":"6H95i5aI/DzFCxgostAMvd","action":"Initial GetUpdates", "result":"", "context":Reason: RECONFIGURATION. cV=6H95i5aI/DzFCxgostAMvd}
{"logTime": "0814/041436", "correlationVector":"6H95i5aI/DzFCxgostAMvd.1","action":"SyncServerConnectionManagerRequest", "result":"SYNC_SERVER_OK", "context":{"environment":"Prod_SoutheastAsia_000j", "migrationStage":"NotStarted", "server":"general0300002D"}}
{"logTime": "0814/041436", "correlationVector":"6H95i5aI/DzFCxgostAMvd.2","action":"GetUpdates Response", "result":"Success", "context":Received 61 update(s). cV=6H95i5aI/DzFCxgostAMvd.0;server=general0300002D;cloudType=Consumer;environment=Prod_SoutheastAsia_000j;migrationStage=NotStarted}
{"logTime": "0814/041436", "correlationVector":"L9WhEW1TUFEqFqRtwzH+P2","action":"Initial GetUpdates", "result":"", "context":Reason: RECONFIGURATION. cV=L9WhEW1TUFEqFqRtwzH+P2}
{"logTime": "0814/041436", "correlationVector":"L9WhEW1TUFEqFqRtwzH+P2.1","action":"SyncServerConnectionManagerRequest", "result":"SYNC_SERVER_OK", "context":{"environment":"Prod_SoutheastAsia_000j", "migrationStage":"NotStarted", "server":"general0300000N"}}
{"logTime": "0814/041436", "correlationVector":"L9WhEW1TUFEqFqRtwzH+P2.2","action":"GetUpdates Response", "result":"Success", "context":Received 8 update(s). cV=L9WhEW1TUFEqFqRtwzH+P2.0;server=general0300000N;cloudType=Consumer;environment=Prod_SoutheastAsia_000j;migrationStage=NotStarted}
{"logTime": "0814/041436", "correlationVector":"thsImf/BSdCz7SEI+xpM6M","action":"Initial GetUpdates", "result":"", "context":Reason: RECONFIGURATION. cV=thsImf/BSdCz7SEI+xpM6M}
{"logTime": "0814/041437", "correlationVector":"thsImf/BSdCz7SEI+xpM6M.1","action":"SyncServerConnectionManagerRequest", "result":"SYNC_SERVER_OK", "context":{"environment":"Prod_SoutheastAsia_000j", "migrationStage":"NotStarted", "server":"general0100001L"}}
{"logTime": "0814/041437", "correlationVector":"thsImf/BSdCz7SEI+xpM6M.2","action":"GetUpdates", "result":"DeleteReceived", "context":{"id":"7124722c-4f77-4232-ba25-ef4688ae0892", "isDeleted:":"true", "version":"1716207537361"}}
{"logTime": "0814/041437", "correlationVector":"thsImf/BSdCz7SEI+xpM6M.3","action":"GetUpdates", "result":"DeleteReceived", "context":{"id":"0de73ed0-648a-4b3e-a7e8-ad182c2e761e", "isDeleted:":"true", "version":"1717087624232"}}
{"logTime": "0814/041437", "correlationVector":"thsImf/BSdCz7SEI+xpM6M.4","action":"GetUpdates", "result":"DeleteReceived", "context":{"id":"0f31dec3-5ce4-4a8b-a289-df47245c503c", "isDeleted:":"true", "version":"1717116414814"}}
{"logTime": "0814/041437", "correlationVector":"thsImf/BSdCz7SEI+xpM6M.5","action":"GetUpdates", "result":"DeleteReceived", "context":{"id":"b3bd9136-3ea7-4894-b6ee-abced9e2c002", "isDeleted:":"true", "version":"1717116414816"}}
{"logTime": "0814/041437", "correlationVector":"thsImf/BSdCz7SEI+xpM6M.6","action":"GetUpdates", "result":"DeleteReceived", "context":{"id":"34752edd-f389-4fea-88dd-4453250f49b4", "isDeleted:":"true", "version":"1717116414817"}}
{"logTime": "0814/041437", "correlationVector":"thsImf/BSdCz7SEI+xpM6M.7","action":"GetUpdates", "result":"DeleteReceived", "context":{"id":"7f071184-97e3-49e3-b462-2359795fe2bc", "isDeleted:":"true", "version":"1717317105834"}}
{"logTime": "0814/041437", "correlationVector":"thsImf/BSdCz7SEI+xpM6M.8","action":"GetUpdates", "result":"DeleteReceived", "context":{"id":"d8b6d108-bcec-4f53-808e-95c76bb266a8", "isDeleted:":"true", "version":"1717574477584"}}
{"logTime": "0814/041437", "correlationVector":"thsImf/BSdCz7SEI+xpM6M.9","action":"GetUpdates", "result":"DeleteReceived", "context":{"id":"05913f53-4f8f-4230-9dde-4865d3aac2b4", "isDeleted:":"true", "version":"1717578786807"}}
{"logTime": "0814/041437", "correlationVector":"thsImf/BSdCz7SEI+xpM6M.10","action":"GetUpdates", "result":"DeleteReceived", "context":{"id":"f29ee704-d591-4539-b4f4-7ec5b4dbf50e", "isDeleted:":"true", "version":"1718263614223"}}
{"logTime": "0814/041437", "correlationVector":"thsImf/BSdCz7SEI+xpM6M.11","action":"GetUpdates", "result":"DeleteReceived", "context":{"id":"0d0d5805-e2ff-4c97-ba9a-28ac6624e0bf", "isDeleted:":"true", "version":"1718263614225"}}
{"logTime": "0814/041437", "correlationVector":"thsImf/BSdCz7SEI+xpM6M.12","action":"GetUpdates", "result":"DeleteReceived", "context":{"id":"638d1f72-e3a1-4262-9c30-5780463e2e7e", "isDeleted:":"true", "version":"1718339869501"}}
{"logTime": "0814/041437", "correlationVector":"thsImf/BSdCz7SEI+xpM6M.13","action":"GetUpdates", "result":"DeleteReceived", "context":{"id":"c4dc25a3-8bb2-491a-a387-cfefed125212", "isDeleted:":"true", "version":"1718469505616"}}
{"logTime": "0814/041437", "correlationVector":"thsImf/BSdCz7SEI+xpM6M.14","action":"GetUpdates", "result":"DeleteReceived", "context":{"id":"6ea47341-687d-4c87-8d3a-91153ff52432", "isDeleted:":"true", "version":"1719288179198"}}
{"logTime": "0814/041437", "correlationVector":"thsImf/BSdCz7SEI+xpM6M.15","action":"GetUpdates", "result":"DeleteReceived", "context":{"id":"7799c0fb-09d4-4d57-a98c-0f137944832c", "isDeleted:":"true", "version":"1723469755859"}}
{"logTime": "0814/041437", "correlationVector":"thsImf/BSdCz7SEI+xpM6M.16","action":"GetUpdates", "result":"DeleteReceived", "context":{"id":"9231b8b3-51e3-40bb-abae-9ef2eeaf329a", "isDeleted:":"true", "version":"1723469755860"}}
{"logTime": "0814/041437", "correlationVector":"thsImf/BSdCz7SEI+xpM6M.17","action":"GetUpdates Response", "result":"Success", "context":Received 33 update(s). cV=thsImf/BSdCz7SEI+xpM6M.0;server=general0100001L;cloudType=Consumer;environment=Prod_SoutheastAsia_000j;migrationStage=NotStarted}
{"logTime": "0814/041437", "correlationVector":"mAIBctfZ/r9K8Hd+8Bpza0","action":"Normal GetUpdate request", "result":"", "context":cV=mAIBctfZ/r9K8Hd+8Bpza0
Nudged types: Sessions, Device Info
Refresh requested types: Bookmarks, Preferences, Passwords, Autofill Profiles, Autofill, Typed URLs, Extensions, Sessions, Extension settings, History Delete Directives, Device Info, User Consents, Send Tab To Self, Web Apps, Collection, Edge E Drop, Edge Hub App Usage, Edge Tab Group, Edge Wallet, Encryption Keys}
{"logTime": "0814/041437", "correlationVector":"mAIBctfZ/r9K8Hd+8Bpza0.1","action":"SyncServerConnectionManagerRequest", "result":"SYNC_SERVER_OK", "context":{"environment":"Prod_SoutheastAsia_000j", "migrationStage":"NotStarted", "server":"general01000006"}}
{"logTime": "0814/041437", "correlationVector":"mAIBctfZ/r9K8Hd+8Bpza0.2","action":"GetUpdates Response", "result":"Success", "context":Received 0 update(s). cV=mAIBctfZ/r9K8Hd+8Bpza0.0;server=general01000006;cloudType=Consumer;environment=Prod_SoutheastAsia_000j;migrationStage=NotStarted}
{"logTime": "0814/041437", "correlationVector":"bBgpBdbb0cFJA5M4XeWhYI","action":"Commit Request", "result":"", "context":Item count: 3
Contributing types: Sessions, Device Info}
{"logTime": "0814/041438", "correlationVector":"bBgpBdbb0cFJA5M4XeWhYI.1","action":"SyncServerConnectionManagerRequest", "result":"SYNC_SERVER_OK", "context":{"environment":"Prod_SoutheastAsia_000j", "migrationStage":"NotStarted", "server":"general03000000"}}
{"logTime": "0814/041438", "correlationVector":"bBgpBdbb0cFJA5M4XeWhYI.2","action":"Commit Response", "result":"Success", "context":Result: Success. cV=bBgpBdbb0cFJA5M4XeWhYI.0;server=general03000000;cloudType=Consumer;environment=Prod_SoutheastAsia_000j;migrationStage=NotStarted}
{"logTime": "0814/041514", "correlationVector":"dtxwk2rLZ8yz2uujFsoEzz.1","action":"SyncServerConnectionManagerRequest", "result":"SYNC_SERVER_OK", "context":{"environment":"Prod_SoutheastAsia_000j", "migrationStage":"NotStarted", "server":"general01000017"}}
{"logTime": "0814/041515", "correlationVector":"WxHQYM+FaFa6mBn6dqm0fy","action":"SyncServerConnectionManagerRequest", "result":"SYNC_SERVER_OK", "context":{"environment":"", "migrationStage":"", "server":""}}
{"logTime": "0814/041515", "correlationVector":"dtxwk2rLZ8yz2uujFsoEzz","action":"Initial GetUpdates", "result":"", "context":Reason: NEW_CLIENT. cV=dtxwk2rLZ8yz2uujFsoEzz}
{"logTime": "0814/041515", "correlationVector":"dtxwk2rLZ8yz2uujFsoEzz.2","action":"GetUpdates Response", "result":"Success", "context":Received 1 update(s). cV=dtxwk2rLZ8yz2uujFsoEzz.0;server=general01000017;cloudType=Consumer;environment=Prod_SoutheastAsia_000j;migrationStage=NotStarted}
{"logTime": "0814/041515", "correlationVector":"I2DiofuI7TNn4OSuZet/5+","action":"Initial GetUpdates", "result":"", "context":Reason: NEWLY_SUPPORTED_DATATYPE. cV=I2DiofuI7TNn4OSuZet/5+}
{"logTime": "0814/041515", "correlationVector":"I2DiofuI7TNn4OSuZet/5+.1","action":"SyncServerConnectionManagerRequest", "result":"SYNC_SERVER_OK", "context":{"environment":"Prod_SoutheastAsia_000j", "migrationStage":"NotStarted", "server":"general0300000N"}}
{"logTime": "0814/041515", "correlationVector":"I2DiofuI7TNn4OSuZet/5+.2","action":"GetUpdates Response", "result":"Success", "context":Received 2 update(s). cV=I2DiofuI7TNn4OSuZet/5+.0;server=general0300000N;cloudType=Consumer;environment=Prod_SoutheastAsia_000j;migrationStage=NotStarted}
{"logTime": "0814/041515", "correlationVector":"PKUT2/VT1yPVHacy5DKEpe","action":"Normal GetUpdate request", "result":"", "context":cV=PKUT2/VT1yPVHacy5DKEpe
Nudged types: Sessions
Refresh requested types: Bookmarks, Preferences, Passwords, Autofill Profiles, Autofill, Typed URLs, Extensions, Sessions, Extension settings, History Delete Directives, Device Info, User Consents, Send Tab To Self, Web Apps, Collection, Edge E Drop, Edge Hub App Usage, Edge Tab Group, Edge Wallet, Encryption Keys}
{"logTime": "0814/041516", "correlationVector":"PKUT2/VT1yPVHacy5DKEpe.1","action":"SyncServerConnectionManagerRequest", "result":"SYNC_SERVER_OK", "context":{"environment":"Prod_SoutheastAsia_000j", "migrationStage":"NotStarted", "server":"GENERAL0100000R"}}
{"logTime": "0814/041516", "correlationVector":"PKUT2/VT1yPVHacy5DKEpe.2","action":"GetUpdates Response", "result":"Success", "context":Received 3 update(s). cV=PKUT2/VT1yPVHacy5DKEpe.0;server=GENERAL0100000R;cloudType=Consumer;environment=Prod_SoutheastAsia_000j;migrationStage=NotStarted}
{"logTime": "0814/041516", "correlationVector":"iyke+hEQey59xzd0AbtTQl","action":"Commit Request", "result":"", "context":Item count: 3
Contributing types: Sessions}
{"logTime": "0814/041516", "correlationVector":"iyke+hEQey59xzd0AbtTQl.1","action":"SyncServerConnectionManagerRequest", "result":"SYNC_SERVER_OK", "context":{"environment":"Prod_SoutheastAsia_000j", "migrationStage":"NotStarted", "server":"general0100001J"}}
{"logTime": "0814/041516", "correlationVector":"iyke+hEQey59xzd0AbtTQl.3","action":"Commit.Sessions", "result":"Success", "context":{"id":"492e1c29-8b5e-48be-a36d-a537102c5a28", "isDeleted":"true", "size":"0", "version":"1723608878193"}}
{"logTime": "0814/041516", "correlationVector":"iyke+hEQey59xzd0AbtTQl.2","action":"Commit Response", "result":"Success", "context":Result: Success. cV=iyke+hEQey59xzd0AbtTQl.0;server=general0100001J;cloudType=Consumer;environment=Prod_SoutheastAsia_000j;migrationStage=NotStarted}
{"logTime": "0814/041546", "correlationVector":"k94twRzAj7FfFODFB4ALlX","action":"Normal GetUpdate request", "result":"", "context":cV=k94twRzAj7FfFODFB4ALlX
Nudged types: Sessions}
{"logTime": "0814/041547", "correlationVector":"k94twRzAj7FfFODFB4ALlX.1","action":"SyncServerConnectionManagerRequest", "result":"SYNC_SERVER_OK", "context":{"environment":"Prod_SoutheastAsia_000j", "migrationStage":"NotStarted", "server":"general03000018"}}
{"logTime": "0814/041547", "correlationVector":"k94twRzAj7FfFODFB4ALlX.2","action":"GetUpdates", "result":"DeleteReceived", "context":{"id":"492e1c29-8b5e-48be-a36d-a537102c5a28", "isDeleted:":"true", "version":"1723608916099"}}
{"logTime": "0814/041547", "correlationVector":"k94twRzAj7FfFODFB4ALlX.3","action":"GetUpdates Response", "result":"Success", "context":Received 3 update(s). cV=k94twRzAj7FfFODFB4ALlX.0;server=general03000018;cloudType=Consumer;environment=Prod_SoutheastAsia_000j;migrationStage=NotStarted}
{"logTime": "0814/041547", "correlationVector":"Dpw8ElkUisYAQ4dTDhpF4/","action":"Commit Request", "result":"", "context":Item count: 1
Contributing types: Sessions}
{"logTime": "0814/041547", "correlationVector":"Dpw8ElkUisYAQ4dTDhpF4/.1","action":"SyncServerConnectionManagerRequest", "result":"SYNC_SERVER_OK", "context":{"environment":"Prod_SoutheastAsia_000j", "migrationStage":"NotStarted", "server":"general0300002P"}}
{"logTime": "0814/041547", "correlationVector":"Dpw8ElkUisYAQ4dTDhpF4/.2","action":"Commit Response", "result":"Success", "context":Result: Success. cV=Dpw8ElkUisYAQ4dTDhpF4/.0;server=general0300002P;cloudType=Consumer;environment=Prod_SoutheastAsia_000j;migrationStage=NotStarted}
{"logTime": "0814/041617", "correlationVector":"T/BZZlMn/8QoKe6bfFHK+3","action":"Commit Request", "result":"", "context":Item count: 1
Contributing types: Sessions}
{"logTime": "0814/041617", "correlationVector":"T/BZZlMn/8QoKe6bfFHK+3.1","action":"SyncServerConnectionManagerRequest", "result":"SYNC_SERVER_OK", "context":{"environment":"Prod_SoutheastAsia_000j", "migrationStage":"NotStarted", "server":"general01000015"}}
{"logTime": "0814/041617", "correlationVector":"T/BZZlMn/8QoKe6bfFHK+3.2","action":"Commit Response", "result":"Success", "context":Result: Success. cV=T/BZZlMn/8QoKe6bfFHK+3.0;server=general01000015;cloudType=Consumer;environment=Prod_SoutheastAsia_000j;migrationStage=NotStarted}
{"logTime": "0814/041647", "correlationVector":"vRli1qkKoepX9bVzN7Gs1H","action":"Commit Request", "result":"", "context":Item count: 1
Contributing types: Sessions}
{"logTime": "0814/041648", "correlationVector":"vRli1qkKoepX9bVzN7Gs1H.1","action":"SyncServerConnectionManagerRequest", "result":"SYNC_SERVER_OK", "context":{"environment":"Prod_SoutheastAsia_000j", "migrationStage":"NotStarted", "server":"general0300002S"}}
{"logTime": "0814/041648", "correlationVector":"vRli1qkKoepX9bVzN7Gs1H.2","action":"Commit Response", "result":"Success", "context":Result: Success. cV=vRli1qkKoepX9bVzN7Gs1H.0;server=general0300002S;cloudType=Consumer;environment=Prod_SoutheastAsia_000j;migrationStage=NotStarted}
{"logTime": "0814/041839", "correlationVector":"fx2PkXSU6Cro0hgCLNsaWN.1","action":"SyncServerConnectionManagerRequest", "result":"SYNC_SERVER_OK", "context":{"environment":"Prod_SoutheastAsia_000j", "migrationStage":"NotStarted", "server":"general03000009"}}
{"logTime": "0814/041839", "correlationVector":"HuTbAil2YUMs0xteA+3p1X","action":"SyncServerConnectionManagerRequest", "result":"SYNC_SERVER_OK", "context":{"environment":"", "migrationStage":"", "server":""}}
{"logTime": "0814/041839", "correlationVector":"fx2PkXSU6Cro0hgCLNsaWN","action":"Initial GetUpdates", "result":"", "context":Reason: NEW_CLIENT. cV=fx2PkXSU6Cro0hgCLNsaWN}
{"logTime": "0814/041839", "correlationVector":"fx2PkXSU6Cro0hgCLNsaWN.2","action":"GetUpdates Response", "result":"Success", "context":Received 1 update(s). cV=fx2PkXSU6Cro0hgCLNsaWN.0;server=general03000009;cloudType=Consumer;environment=Prod_SoutheastAsia_000j;migrationStage=NotStarted}
{"logTime": "0814/041839", "correlationVector":"XtyP+Gn+k8drhiPrLHGj2B","action":"Initial GetUpdates", "result":"", "context":Reason: NEWLY_SUPPORTED_DATATYPE. cV=XtyP+Gn+k8drhiPrLHGj2B}
{"logTime": "0814/041840", "correlationVector":"XtyP+Gn+k8drhiPrLHGj2B.1","action":"SyncServerConnectionManagerRequest", "result":"SYNC_SERVER_OK", "context":{"environment":"Prod_SoutheastAsia_000j", "migrationStage":"NotStarted", "server":"GENERAL0100000P"}}
{"logTime": "0814/041840", "correlationVector":"XtyP+Gn+k8drhiPrLHGj2B.2","action":"GetUpdates Response", "result":"Success", "context":Received 2 update(s). cV=XtyP+Gn+k8drhiPrLHGj2B.0;server=GENERAL0100000P;cloudType=Consumer;environment=Prod_SoutheastAsia_000j;migrationStage=NotStarted}
{"logTime": "0814/041840", "correlationVector":"vSwaqLln91va5GK7cimXIM","action":"Normal GetUpdate request", "result":"", "context":cV=vSwaqLln91va5GK7cimXIM
Nudged types: Sessions
Refresh requested types: Bookmarks, Preferences, Passwords, Autofill Profiles, Autofill, Typed URLs, Extensions, Sessions, Extension settings, History Delete Directives, Device Info, User Consents, Send Tab To Self, Web Apps, Collection, Edge E Drop, Edge Hub App Usage, Edge Tab Group, Edge Wallet, Encryption Keys}
{"logTime": "0814/041841", "correlationVector":"vSwaqLln91va5GK7cimXIM.1","action":"SyncServerConnectionManagerRequest", "result":"SYNC_SERVER_OK", "context":{"environment":"Prod_SoutheastAsia_000j", "migrationStage":"NotStarted", "server":"general0300002S"}}
{"logTime": "0814/041841", "correlationVector":"vSwaqLln91va5GK7cimXIM.2","action":"GetUpdates Response", "result":"Success", "context":Received 1 update(s). cV=vSwaqLln91va5GK7cimXIM.0;server=general0300002S;cloudType=Consumer;environment=Prod_SoutheastAsia_000j;migrationStage=NotStarted}
{"logTime": "0814/041841", "correlationVector":"i5aOMb1/wlngwzYwWk/FUO","action":"Commit Request", "result":"", "context":Item count: 3
Contributing types: Sessions}
{"logTime": "0814/041841", "correlationVector":"i5aOMb1/wlngwzYwWk/FUO.1","action":"SyncServerConnectionManagerRequest", "result":"SYNC_SERVER_OK", "context":{"environment":"Prod_SoutheastAsia_000j", "migrationStage":"NotStarted", "server":"general0100000M"}}
{"logTime": "0814/041841", "correlationVector":"i5aOMb1/wlngwzYwWk/FUO.2","action":"Commit Response", "result":"Success", "context":Result: Success. cV=i5aOMb1/wlngwzYwWk/FUO.0;server=general0100000M;cloudType=Consumer;environment=Prod_SoutheastAsia_000j;migrationStage=NotStarted}
{"logTime": "0814/041841", "correlationVector":"i5aOMb1/wlngwzYwWk/FUO.3","action":"Commit.Sessions", "result":"Success", "context":{"id":"24732f42-01bd-40b6-8e9d-4dbad1f882b8", "isDeleted":"true", "size":"0", "version":"1723609007820"}}
{"logTime": "0814/041911", "correlationVector":"XN9o5nXdn3Fo5c09JMh9O6","action":"Normal GetUpdate request", "result":"", "context":cV=XN9o5nXdn3Fo5c09JMh9O6
Nudged types: Sessions}
{"logTime": "0814/041912", "correlationVector":"XN9o5nXdn3Fo5c09JMh9O6.1","action":"SyncServerConnectionManagerRequest", "result":"SYNC_SERVER_OK", "context":{"environment":"Prod_SoutheastAsia_000j", "migrationStage":"NotStarted", "server":"general0300000N"}}
{"logTime": "0814/041912", "correlationVector":"XN9o5nXdn3Fo5c09JMh9O6.2","action":"GetUpdates", "result":"DeleteReceived", "context":{"id":"24732f42-01bd-40b6-8e9d-4dbad1f882b8", "isDeleted:":"true", "version":"1723609121091"}}
{"logTime": "0814/041912", "correlationVector":"XN9o5nXdn3Fo5c09JMh9O6.3","action":"GetUpdates Response", "result":"Success", "context":Received 3 update(s). cV=XN9o5nXdn3Fo5c09JMh9O6.0;server=general0300000N;cloudType=Consumer;environment=Prod_SoutheastAsia_000j;migrationStage=NotStarted}
{"logTime": "0814/041912", "correlationVector":"A5Z/yIOttcPrS7M9UIkeUj","action":"Commit Request", "result":"", "context":Item count: 1
Contributing types: Sessions}
{"logTime": "0814/041912", "correlationVector":"A5Z/yIOttcPrS7M9UIkeUj.1","action":"SyncServerConnectionManagerRequest", "result":"SYNC_SERVER_OK", "context":{"environment":"Prod_SoutheastAsia_000j", "migrationStage":"NotStarted", "server":"GENERAL0100000W"}}
{"logTime": "0814/041912", "correlationVector":"A5Z/yIOttcPrS7M9UIkeUj.2","action":"Commit Response", "result":"Success", "context":Result: Success. cV=A5Z/yIOttcPrS7M9UIkeUj.0;server=GENERAL0100000W;cloudType=Consumer;environment=Prod_SoutheastAsia_000j;migrationStage=NotStarted}
{"logTime": "0814/042041", "correlationVector":"rjRjnmRXnmZnYyjtutWNfA","action":"Commit Request", "result":"", "context":Item count: 1
Contributing types: Sessions}
{"logTime": "0814/042042", "correlationVector":"rjRjnmRXnmZnYyjtutWNfA.1","action":"SyncServerConnectionManagerRequest", "result":"SYNC_SERVER_OK", "context":{"environment":"Prod_SoutheastAsia_000j", "migrationStage":"NotStarted", "server":"GENERAL0100000Q"}}
{"logTime": "0814/042042", "correlationVector":"rjRjnmRXnmZnYyjtutWNfA.2","action":"Commit Response", "result":"Success", "context":Result: Success. cV=rjRjnmRXnmZnYyjtutWNfA.0;server=GENERAL0100000Q;cloudType=Consumer;environment=Prod_SoutheastAsia_000j;migrationStage=NotStarted}
